2026-05-20 10:30:09: ✅ Kết nối SQL Server thành công: (local) | DB: TCT_CRM
2026-05-20 10:30:10: ✅ Kết nối SQL Server thành công: (local) | DB: TCT_CRM
2026-05-20 10:30:10: ✅ Kết nối SQL Server thành công: (local) | DB: TCT_CRM
2026-05-20 10:30:11: ✅ Kết nối SQL Server thành công: (local) | DB: TCT_CRM
2026-05-20 10:30:11: ✅ Kết nối SQL Server thành công: (local) | DB: TCT_CRM
2026-05-20 10:30:11: ✅ Kết nối SQL Server thành công: (local) | DB: TCT_CRM
2026-05-20 10:30:12: ✅ Kết nối SQL Server thành công: (local) | DB: TCT_CRM
2026-05-20 10:30:12: ✅ Kết nối SQL Server thành công: (local) | DB: TCT_CRM
2026-05-20 10:30:13: ✅ Kết nối SQL Server thành công: (local) | DB: TCT_CRM
2026-05-20 10:30:13: ✅ Kết nối SQL Server thành công: (local) | DB: TCT_CRM
2026-05-20 10:30:14: ✅ Kết nối SQL Server thành công: (local) | DB: TCT_CRM
2026-05-20 10:30:14: ✅ Kết nối SQL Server thành công: (local) | DB: TCT_CRM
2026-05-20 10:30:15: ✅ Kết nối SQL Server thành công: (local) | DB: TCT_CRM
2026-05-20 10:30:15: ✅ Kết nối SQL Server thành công: (local) | DB: TCT_CRM
2026-05-20 10:30:16: ✅ Kết nối SQL Server thành công: (local) | DB: TCT_CRM
2026-05-20 10:30:17: ✅ Kết nối SQL Server thành công: (local) | DB: TCT_CRM
2026-05-20 10:30:51: ✅ Kết nối SQL Server thành công: (local) | DB: TCT_CRM
2026-05-20 10:30:51: 
2026-05-20 10:30:51: 🚀 TCT_CRM API Server đang chạy!
2026-05-20 10:30:51:    Local:   http://localhost:3005
2026-05-20 10:30:51:    Docs:    http://localhost:3005/api-docs
2026-05-20 10:30:51:    Health:  http://localhost:3005/health
2026-05-20 10:30:51: 
2026-05-20 10:30:51: 📌 Endpoints:
2026-05-20 10:30:51:    GET  /api/customers
2026-05-20 10:30:51:    GET  /api/orders
2026-05-20 10:30:51:    GET  /api/leads
2026-05-20 10:30:51:    GET  /api/products
2026-05-20 10:30:51:    GET  /api/reports/revenue
2026-05-20 10:30:51:    GET  /api/reports/orders-summary
2026-05-20 10:30:51:    GET  /api/reports/customers-summary
2026-05-20 10:30:51:    GET  /api/reports/leads-funnel
2026-05-20 10:30:51: 
2026-05-20 10:35:39: ✅ Kết nối SQL Server thành công: (local) | DB: TCT_CRM
2026-05-20 10:35:39: 
2026-05-20 10:35:39: 🚀 TCT_CRM API Server đang chạy!
2026-05-20 10:35:39:    Local:   http://localhost:3005
2026-05-20 10:35:39:    Docs:    http://localhost:3005/api-docs
2026-05-20 10:35:39:    Health:  http://localhost:3005/health
2026-05-20 10:35:39: 
2026-05-20 10:35:39: 📌 Endpoints:
2026-05-20 10:35:39:    GET  /api/customers
2026-05-20 10:35:39:    GET  /api/orders
2026-05-20 10:35:39:    GET  /api/leads
2026-05-20 10:35:39:    GET  /api/products
2026-05-20 10:35:39:    GET  /api/reports/revenue
2026-05-20 10:35:39:    GET  /api/reports/orders-summary
2026-05-20 10:35:39:    GET  /api/reports/customers-summary
2026-05-20 10:35:39:    GET  /api/reports/leads-funnel
2026-05-20 10:35:39: 
2026-05-20 17:42:00: ✅ Kết nối SQL Server thành công: (local) | DB: TCT_CRM
2026-05-20 17:42:00: 
2026-05-20 17:42:00: 🚀 TCT_CRM API Server đang chạy!
2026-05-20 17:42:00:    Local:   http://localhost:3005
2026-05-20 17:42:00:    Docs:    http://localhost:3005/api-docs
2026-05-20 17:42:00:    Health:  http://localhost:3005/health
2026-05-20 17:42:00: 
2026-05-20 17:42:00: 📌 Endpoints:
2026-05-20 17:42:00:    GET  /api/customers
2026-05-20 17:42:00:    GET  /api/orders
2026-05-20 17:42:00:    GET  /api/leads
2026-05-20 17:42:00:    GET  /api/products
2026-05-20 17:42:00:    GET  /api/reports/revenue
2026-05-20 17:42:01:    GET  /api/reports/orders-summary
2026-05-20 17:42:01:    GET  /api/reports/customers-summary
2026-05-20 17:42:01:    GET  /api/reports/leads-funnel
2026-05-20 17:42:01: 
2026-05-21 08:35:58: ✅ Kết nối SQL Server thành công: (local) | DB: TCT_CRM
2026-05-21 08:35:58: 
2026-05-21 08:35:58: 🚀 TCT_CRM API Server đang chạy!
2026-05-21 08:35:58:    Local:   http://localhost:3005
2026-05-21 08:35:58:    Docs:    http://localhost:3005/api-docs
2026-05-21 08:35:58:    Health:  http://localhost:3005/health
2026-05-21 08:35:58: 
2026-05-21 08:35:58: 📌 Endpoints:
2026-05-21 08:35:58:    GET  /api/customers
2026-05-21 08:35:58:    GET  /api/orders
2026-05-21 08:35:58:    GET  /api/leads
2026-05-21 08:35:58:    GET  /api/products
2026-05-21 08:35:58:    GET  /api/reports/revenue
2026-05-21 08:35:58:    GET  /api/reports/orders-summary
2026-05-21 08:35:58:    GET  /api/reports/customers-summary
2026-05-21 08:35:58:    GET  /api/reports/leads-funnel
2026-05-21 08:35:58: 
2026-05-21 08:39:49: ✅ Kết nối SQL Server thành công: (local) | DB: TCT_CRM
2026-05-21 08:39:49: 
2026-05-21 08:39:49: 🚀 TCT_CRM API Server đang chạy!
2026-05-21 08:39:49:    Local:   http://localhost:3005
2026-05-21 08:39:49:    Docs:    http://localhost:3005/api-docs
2026-05-21 08:39:49:    Health:  http://localhost:3005/health
2026-05-21 08:39:49: 
2026-05-21 08:39:49: 📌 Endpoints:
2026-05-21 08:39:49:    GET  /api/customers
2026-05-21 08:39:49:    GET  /api/orders
2026-05-21 08:39:49:    GET  /api/leads
2026-05-21 08:39:49:    GET  /api/products
2026-05-21 08:39:49:    GET  /api/reports/revenue
2026-05-21 08:39:49:    GET  /api/reports/orders-summary
2026-05-21 08:39:49:    GET  /api/reports/customers-summary
2026-05-21 08:39:49:    GET  /api/reports/leads-funnel
2026-05-21 08:39:49: 
2026-05-21 17:28:35: ✅ Kết nối SQL Server thành công: (local) | DB: TCT_CRM
2026-05-21 17:28:35: 
2026-05-21 17:28:35: 🚀 TCT_CRM API Server đang chạy!
2026-05-21 17:28:35:    Local:   http://localhost:3005
2026-05-21 17:28:35:    Docs:    http://localhost:3005/api-docs
2026-05-21 17:28:35:    Health:  http://localhost:3005/health
2026-05-21 17:28:35: 
2026-05-21 17:28:35: 📌 Endpoints:
2026-05-21 17:28:35:    GET  /api/customers
2026-05-21 17:28:35:    GET  /api/orders
2026-05-21 17:28:35:    GET  /api/leads
2026-05-21 17:28:35:    GET  /api/products
2026-05-21 17:28:35:    GET  /api/reports/revenue
2026-05-21 17:28:35:    GET  /api/reports/orders-summary
2026-05-21 17:28:35:    GET  /api/reports/customers-summary
2026-05-21 17:28:35:    GET  /api/reports/leads-funnel
2026-05-21 17:28:35: 
2026-05-22 08:44:28: ✅ Kết nối SQL Server thành công: (local) | DB: TCT_CRM
2026-05-22 08:44:28: 
2026-05-22 08:44:28: 🚀 TCT_CRM API Server đang chạy!
2026-05-22 08:44:28:    Local:   http://localhost:3005
2026-05-22 08:44:28:    Docs:    http://localhost:3005/api-docs
2026-05-22 08:44:28:    Health:  http://localhost:3005/health
2026-05-22 08:44:28: 
2026-05-22 08:44:28: 📌 Endpoints:
2026-05-22 08:44:28:    GET  /api/customers
2026-05-22 08:44:28:    GET  /api/orders
2026-05-22 08:44:28:    GET  /api/leads
2026-05-22 08:44:28:    GET  /api/products
2026-05-22 08:44:28:    GET  /api/reports/revenue
2026-05-22 08:44:28:    GET  /api/reports/orders-summary
2026-05-22 08:44:28:    GET  /api/reports/customers-summary
2026-05-22 08:44:28:    GET  /api/reports/leads-funnel
2026-05-22 08:44:28: 
2026-05-22 17:39:15: ✅ Kết nối SQL Server thành công: (local) | DB: TCT_CRM
2026-05-22 17:39:15: 
2026-05-22 17:39:15: 🚀 TCT_CRM API Server đang chạy!
2026-05-22 17:39:15:    Local:   http://localhost:3005
2026-05-22 17:39:15:    Docs:    http://localhost:3005/api-docs
2026-05-22 17:39:15:    Health:  http://localhost:3005/health
2026-05-22 17:39:15: 
2026-05-22 17:39:15: 📌 Endpoints:
2026-05-22 17:39:15:    GET  /api/customers
2026-05-22 17:39:15:    GET  /api/orders
2026-05-22 17:39:15:    GET  /api/leads
2026-05-22 17:39:15:    GET  /api/products
2026-05-22 17:39:15:    GET  /api/reports/revenue
2026-05-22 17:39:15:    GET  /api/reports/orders-summary
2026-05-22 17:39:15:    GET  /api/reports/customers-summary
2026-05-22 17:39:15:    GET  /api/reports/leads-funnel
2026-05-22 17:39:15: 
2026-05-22 19:34:12: ✅ Kết nối SQL Server thành công: (local) | DB: TCT_CRM
2026-05-22 19:34:12: 
2026-05-22 19:34:12: 🚀 TCT_CRM API Server đang chạy!
2026-05-22 19:34:12:    Local:   http://localhost:3005
2026-05-22 19:34:12:    Docs:    http://localhost:3005/api-docs
2026-05-22 19:34:12:    Health:  http://localhost:3005/health
2026-05-22 19:34:12: 
2026-05-22 19:34:12: 📌 Endpoints:
2026-05-22 19:34:12:    GET  /api/customers
2026-05-22 19:34:12:    GET  /api/orders
2026-05-22 19:34:12:    GET  /api/leads
2026-05-22 19:34:12:    GET  /api/products
2026-05-22 19:34:12:    GET  /api/reports/revenue
2026-05-22 19:34:12:    GET  /api/reports/orders-summary
2026-05-22 19:34:12:    GET  /api/reports/customers-summary
2026-05-22 19:34:12:    GET  /api/reports/leads-funnel
2026-05-22 19:34:12: 
2026-05-23 02:09:20: ✅ Kết nối SQL Server thành công: (local) | DB: TCT_CRM
2026-05-23 02:09:20: 
2026-05-23 02:09:20: 🚀 TCT_CRM API Server đang chạy!
2026-05-23 02:09:20:    Local:   http://localhost:3005
2026-05-23 02:09:20:    Docs:    http://localhost:3005/api-docs
2026-05-23 02:09:20:    Health:  http://localhost:3005/health
2026-05-23 02:09:20: 
2026-05-23 02:09:20: 📌 Endpoints:
2026-05-23 02:09:20:    GET  /api/customers
2026-05-23 02:09:20:    GET  /api/orders
2026-05-23 02:09:20:    GET  /api/leads
2026-05-23 02:09:20:    GET  /api/products
2026-05-23 02:09:20:    GET  /api/reports/revenue
2026-05-23 02:09:20:    GET  /api/reports/orders-summary
2026-05-23 02:09:20:    GET  /api/reports/customers-summary
2026-05-23 02:09:20:    GET  /api/reports/leads-funnel
2026-05-23 02:09:20: 
2026-05-23 08:34:44: ✅ Kết nối SQL Server thành công: (local) | DB: TCT_CRM
2026-05-23 08:34:44: 
2026-05-23 08:34:44: 🚀 TCT_CRM API Server đang chạy!
2026-05-23 08:34:44:    Local:   http://localhost:3005
2026-05-23 08:34:44:    Docs:    http://localhost:3005/api-docs
2026-05-23 08:34:44:    Health:  http://localhost:3005/health
2026-05-23 08:34:44: 
2026-05-23 08:34:44: 📌 Endpoints:
2026-05-23 08:34:44:    GET  /api/customers
2026-05-23 08:34:44:    GET  /api/orders
2026-05-23 08:34:44:    GET  /api/leads
2026-05-23 08:34:44:    GET  /api/products
2026-05-23 08:34:44:    GET  /api/reports/revenue
2026-05-23 08:34:44:    GET  /api/reports/orders-summary
2026-05-23 08:34:44:    GET  /api/reports/customers-summary
2026-05-23 08:34:44:    GET  /api/reports/leads-funnel
2026-05-23 08:34:44: 
2026-05-23 12:41:09: ✅ Kết nối SQL Server thành công: (local) | DB: TCT_CRM
2026-05-23 12:41:09: 
2026-05-23 12:41:09: 🚀 TCT_CRM API Server đang chạy!
2026-05-23 12:41:09:    Local:   http://localhost:3005
2026-05-23 12:41:09:    Docs:    http://localhost:3005/api-docs
2026-05-23 12:41:09:    Health:  http://localhost:3005/health
2026-05-23 12:41:09: 
2026-05-23 12:41:09: 📌 Endpoints:
2026-05-23 12:41:09:    GET  /api/customers
2026-05-23 12:41:09:    GET  /api/orders
2026-05-23 12:41:09:    GET  /api/leads
2026-05-23 12:41:09:    GET  /api/products
2026-05-23 12:41:09:    GET  /api/reports/revenue
2026-05-23 12:41:09:    GET  /api/reports/orders-summary
2026-05-23 12:41:09:    GET  /api/reports/customers-summary
2026-05-23 12:41:09:    GET  /api/reports/leads-funnel
2026-05-23 12:41:09: 
2026-05-24 20:14:29: ✅ Kết nối SQL Server thành công: (local) | DB: TCT_CRM
2026-05-24 20:14:29: 
2026-05-24 20:14:29: 🚀 TCT_CRM API Server đang chạy!
2026-05-24 20:14:29:    Local:   http://localhost:3005
2026-05-24 20:14:29:    Docs:    http://localhost:3005/api-docs
2026-05-24 20:14:29:    Health:  http://localhost:3005/health
2026-05-24 20:14:29: 
2026-05-24 20:14:29: 📌 Endpoints:
2026-05-24 20:14:29:    GET  /api/customers
2026-05-24 20:14:29:    GET  /api/orders
2026-05-24 20:14:29:    GET  /api/leads
2026-05-24 20:14:29:    GET  /api/products
2026-05-24 20:14:29:    GET  /api/reports/revenue
2026-05-24 20:14:29:    GET  /api/reports/orders-summary
2026-05-24 20:14:29:    GET  /api/reports/customers-summary
2026-05-24 20:14:29:    GET  /api/reports/leads-funnel
2026-05-24 20:14:29: 
2026-05-25 08:18:42: ✅ Kết nối SQL Server thành công: (local) | DB: TCT_CRM
2026-05-25 08:18:42: 
2026-05-25 08:18:42: 🚀 TCT_CRM API Server đang chạy!
2026-05-25 08:18:42:    Local:   http://localhost:3005
2026-05-25 08:18:42:    Docs:    http://localhost:3005/api-docs
2026-05-25 08:18:42:    Health:  http://localhost:3005/health
2026-05-25 08:18:42: 
2026-05-25 08:18:42: 📌 Endpoints:
2026-05-25 08:18:42:    GET  /api/customers
2026-05-25 08:18:42:    GET  /api/orders
2026-05-25 08:18:42:    GET  /api/leads
2026-05-25 08:18:42:    GET  /api/products
2026-05-25 08:18:42:    GET  /api/reports/revenue
2026-05-25 08:18:42:    GET  /api/reports/orders-summary
2026-05-25 08:18:42:    GET  /api/reports/customers-summary
2026-05-25 08:18:42:    GET  /api/reports/leads-funnel
2026-05-25 08:18:42: 
2026-05-25 14:49:10: ✅ Kết nối SQL Server thành công: (local) | DB: TCT_CRM
2026-05-25 14:49:10: 
2026-05-25 14:49:10: 🚀 TCT_CRM API Server đang chạy!
2026-05-25 14:49:10:    Local:   http://localhost:3005
2026-05-25 14:49:10:    Docs:    http://localhost:3005/api-docs
2026-05-25 14:49:10:    Health:  http://localhost:3005/health
2026-05-25 14:49:10: 
2026-05-25 14:49:10: 📌 Endpoints:
2026-05-25 14:49:10:    GET  /api/customers
2026-05-25 14:49:10:    GET  /api/orders
2026-05-25 14:49:10:    GET  /api/leads
2026-05-25 14:49:10:    GET  /api/products
2026-05-25 14:49:10:    GET  /api/reports/revenue
2026-05-25 14:49:10:    GET  /api/reports/orders-summary
2026-05-25 14:49:10:    GET  /api/reports/customers-summary
2026-05-25 14:49:10:    GET  /api/reports/leads-funnel
2026-05-25 14:49:10:    GET  /api/opportunities/stats/by-time
2026-05-25 14:49:10:    GET  /api/opportunities/stats/by-sales-rep
2026-05-25 14:49:10: 
2026-05-25 17:12:21: ✅ Kết nối SQL Server thành công: (local) | DB: TCT_CRM
2026-05-25 17:12:21: 
2026-05-25 17:12:21: 🚀 TCT_CRM API Server đang chạy!
2026-05-25 17:12:21:    Local:   http://localhost:3005
2026-05-25 17:12:21:    Docs:    http://localhost:3005/api-docs
2026-05-25 17:12:21:    Health:  http://localhost:3005/health
2026-05-25 17:12:21: 
2026-05-25 17:12:21: 📌 Endpoints:
2026-05-25 17:12:21:    GET  /api/customers
2026-05-25 17:12:21:    GET  /api/orders
2026-05-25 17:12:21:    GET  /api/leads
2026-05-25 17:12:21:    GET  /api/products
2026-05-25 17:12:21:    GET  /api/reports/revenue
2026-05-25 17:12:21:    GET  /api/reports/orders-summary
2026-05-25 17:12:21:    GET  /api/reports/customers-summary
2026-05-25 17:12:21:    GET  /api/reports/leads-funnel
2026-05-25 17:12:21:    GET  /api/opportunities/stats/by-time
2026-05-25 17:12:21:    GET  /api/opportunities/stats/by-sales-rep
2026-05-25 17:12:21: 
2026-05-25 18:14:47: ✅ Kết nối SQL Server thành công: (local) | DB: TCT_CRM
2026-05-25 18:14:47: 
2026-05-25 18:14:47: 🚀 TCT_CRM API Server đang chạy!
2026-05-25 18:14:47:    Local:   http://localhost:3005
2026-05-25 18:14:47:    Docs:    http://localhost:3005/api-docs
2026-05-25 18:14:47:    Health:  http://localhost:3005/health
2026-05-25 18:14:47: 
2026-05-25 18:14:47: 📌 Endpoints:
2026-05-25 18:14:47:    GET  /api/customers
2026-05-25 18:14:47:    GET  /api/orders
2026-05-25 18:14:47:    GET  /api/leads
2026-05-25 18:14:47:    GET  /api/products
2026-05-25 18:14:47:    GET  /api/reports/revenue
2026-05-25 18:14:47:    GET  /api/reports/orders-summary
2026-05-25 18:14:47:    GET  /api/reports/customers-summary
2026-05-25 18:14:47:    GET  /api/reports/leads-funnel
2026-05-25 18:14:47:    GET  /api/opportunities/stats/by-time
2026-05-25 18:14:47:    GET  /api/opportunities/stats/by-sales-rep
2026-05-25 18:14:47: 
2026-05-25 23:43:21: ✅ Kết nối SQL Server thành công: (local) | DB: TCT_CRM
2026-05-25 23:43:21: 
2026-05-25 23:43:21: 🚀 TCT_CRM API Server đang chạy!
2026-05-25 23:43:21:    Local:   http://localhost:3005
2026-05-25 23:43:21:    Docs:    http://localhost:3005/api-docs
2026-05-25 23:43:21:    Health:  http://localhost:3005/health
2026-05-25 23:43:21: 
2026-05-25 23:43:21: 📌 Endpoints:
2026-05-25 23:43:21:    GET  /api/customers
2026-05-25 23:43:21:    GET  /api/orders
2026-05-25 23:43:21:    GET  /api/leads
2026-05-25 23:43:21:    GET  /api/products
2026-05-25 23:43:21:    GET  /api/reports/revenue
2026-05-25 23:43:21:    GET  /api/reports/orders-summary
2026-05-25 23:43:21:    GET  /api/reports/customers-summary
2026-05-25 23:43:21:    GET  /api/reports/leads-funnel
2026-05-25 23:43:21:    GET  /api/opportunities/stats/by-time
2026-05-25 23:43:21:    GET  /api/opportunities/stats/by-sales-rep
2026-05-25 23:43:21: 
2026-05-26 08:32:57: ✅ Kết nối SQL Server thành công: (local) | DB: TCT_CRM
2026-05-26 08:32:57: 
2026-05-26 08:32:57: 🚀 TCT_CRM API Server đang chạy!
2026-05-26 08:32:57:    Local:   http://localhost:3005
2026-05-26 08:32:57:    Docs:    http://localhost:3005/api-docs
2026-05-26 08:32:57:    Health:  http://localhost:3005/health
2026-05-26 08:32:57: 
2026-05-26 08:32:57: 📌 Endpoints:
2026-05-26 08:32:57:    GET  /api/customers
2026-05-26 08:32:57:    GET  /api/orders
2026-05-26 08:32:57:    GET  /api/leads
2026-05-26 08:32:57:    GET  /api/products
2026-05-26 08:32:57:    GET  /api/reports/revenue
2026-05-26 08:32:57:    GET  /api/reports/orders-summary
2026-05-26 08:32:57:    GET  /api/reports/customers-summary
2026-05-26 08:32:57:    GET  /api/reports/leads-funnel
2026-05-26 08:32:57:    GET  /api/opportunities/stats/by-time
2026-05-26 08:32:57:    GET  /api/opportunities/stats/by-sales-rep
2026-05-26 08:32:57: 
2026-05-26 17:37:12: ✅ Kết nối SQL Server thành công: (local) | DB: TCT_CRM
2026-05-26 17:37:12: 
2026-05-26 17:37:12: 🚀 TCT_CRM API Server đang chạy!
2026-05-26 17:37:12:    Local:   http://localhost:3005
2026-05-26 17:37:12:    Docs:    http://localhost:3005/api-docs
2026-05-26 17:37:12:    Health:  http://localhost:3005/health
2026-05-26 17:37:12: 
2026-05-26 17:37:12: 📌 Endpoints:
2026-05-26 17:37:12:    GET  /api/customers
2026-05-26 17:37:12:    GET  /api/orders
2026-05-26 17:37:12:    GET  /api/leads
2026-05-26 17:37:12:    GET  /api/products
2026-05-26 17:37:12:    GET  /api/reports/revenue
2026-05-26 17:37:12:    GET  /api/reports/orders-summary
2026-05-26 17:37:12:    GET  /api/reports/customers-summary
2026-05-26 17:37:12:    GET  /api/reports/leads-funnel
2026-05-26 17:37:12:    GET  /api/opportunities/stats/by-time
2026-05-26 17:37:12:    GET  /api/opportunities/stats/by-sales-rep
2026-05-26 17:37:12:    GET  /api/quotations/stats/by-time
2026-05-26 17:37:12:    GET  /api/quotations/stats/by-sales-rep
2026-05-26 17:37:12:    GET  /api/quotations/stats/win-loss-rate
2026-05-26 17:37:12: 
2026-05-27 00:22:36: ✅ Kết nối SQL Server thành công: (local) | DB: TCT_CRM
2026-05-27 00:22:36: 
2026-05-27 00:22:36: 🚀 TCT_CRM API Server đang chạy!
2026-05-27 00:22:36:    Local:   http://localhost:3005
2026-05-27 00:22:36:    Docs:    http://localhost:3005/api-docs
2026-05-27 00:22:36:    Health:  http://localhost:3005/health
2026-05-27 00:22:36: 
2026-05-27 00:22:36: 📌 Endpoints:
2026-05-27 00:22:36:    GET  /api/customers
2026-05-27 00:22:36:    GET  /api/orders
2026-05-27 00:22:36:    GET  /api/leads
2026-05-27 00:22:36:    GET  /api/products
2026-05-27 00:22:36:    GET  /api/reports/revenue
2026-05-27 00:22:36:    GET  /api/reports/orders-summary
2026-05-27 00:22:36:    GET  /api/reports/customers-summary
2026-05-27 00:22:36:    GET  /api/reports/leads-funnel
2026-05-27 00:22:36:    GET  /api/opportunities/stats/by-time
2026-05-27 00:22:36:    GET  /api/opportunities/stats/by-sales-rep
2026-05-27 00:22:36:    GET  /api/quotations/stats/by-time
2026-05-27 00:22:36:    GET  /api/quotations/stats/by-sales-rep
2026-05-27 00:22:36:    GET  /api/quotations/stats/win-loss-rate
2026-05-27 00:22:36: 
2026-05-27 08:31:12: ✅ Kết nối SQL Server thành công: (local) | DB: TCT_CRM
2026-05-27 08:31:12: 
2026-05-27 08:31:12: 🚀 TCT_CRM API Server đang chạy!
2026-05-27 08:31:12:    Local:   http://localhost:3005
2026-05-27 08:31:12:    Docs:    http://localhost:3005/api-docs
2026-05-27 08:31:12:    Health:  http://localhost:3005/health
2026-05-27 08:31:12: 
2026-05-27 08:31:12: 📌 Endpoints:
2026-05-27 08:31:12:    GET  /api/customers
2026-05-27 08:31:12:    GET  /api/orders
2026-05-27 08:31:12:    GET  /api/leads
2026-05-27 08:31:12:    GET  /api/products
2026-05-27 08:31:12:    GET  /api/reports/revenue
2026-05-27 08:31:12:    GET  /api/reports/orders-summary
2026-05-27 08:31:12:    GET  /api/reports/customers-summary
2026-05-27 08:31:12:    GET  /api/reports/leads-funnel
2026-05-27 08:31:12:    GET  /api/opportunities/stats/by-time
2026-05-27 08:31:12:    GET  /api/opportunities/stats/by-sales-rep
2026-05-27 08:31:12:    GET  /api/quotations/stats/by-time
2026-05-27 08:31:12:    GET  /api/quotations/stats/by-sales-rep
2026-05-27 08:31:12:    GET  /api/quotations/stats/win-loss-rate
2026-05-27 08:31:12: 
2026-05-27 17:41:04: ✅ Kết nối SQL Server thành công: (local) | DB: TCT_CRM
2026-05-27 17:41:04: 
2026-05-27 17:41:04: 🚀 TCT_CRM API Server đang chạy!
2026-05-27 17:41:04:    Local:   http://localhost:3005
2026-05-27 17:41:04:    Docs:    http://localhost:3005/api-docs
2026-05-27 17:41:04:    Health:  http://localhost:3005/health
2026-05-27 17:41:04: 
2026-05-27 17:41:04: 📌 Endpoints:
2026-05-27 17:41:04:    GET  /api/customers
2026-05-27 17:41:04:    GET  /api/orders
2026-05-27 17:41:04:    GET  /api/leads
2026-05-27 17:41:04:    GET  /api/products
2026-05-27 17:41:04:    GET  /api/reports/revenue
2026-05-27 17:41:04:    GET  /api/reports/orders-summary
2026-05-27 17:41:04:    GET  /api/reports/customers-summary
2026-05-27 17:41:04:    GET  /api/reports/leads-funnel
2026-05-27 17:41:04:    GET  /api/opportunities/stats/by-time
2026-05-27 17:41:04:    GET  /api/opportunities/stats/by-sales-rep
2026-05-27 17:41:04:    GET  /api/quotations/stats/by-time
2026-05-27 17:41:04:    GET  /api/quotations/stats/by-sales-rep
2026-05-27 17:41:04:    GET  /api/quotations/stats/win-loss-rate
2026-05-27 17:41:04: 
2026-05-28 08:43:54: ✅ Kết nối SQL Server thành công: (local) | DB: TCT_CRM
2026-05-28 08:43:54: 
2026-05-28 08:43:54: 🚀 TCT_CRM API Server đang chạy!
2026-05-28 08:43:54:    Local:   http://localhost:3005
2026-05-28 08:43:54:    Docs:    http://localhost:3005/api-docs
2026-05-28 08:43:54:    Health:  http://localhost:3005/health
2026-05-28 08:43:54: 
2026-05-28 08:43:54: 📌 Endpoints:
2026-05-28 08:43:54:    GET  /api/customers
2026-05-28 08:43:54:    GET  /api/orders
2026-05-28 08:43:54:    GET  /api/leads
2026-05-28 08:43:54:    GET  /api/products
2026-05-28 08:43:54:    GET  /api/reports/revenue
2026-05-28 08:43:54:    GET  /api/reports/orders-summary
2026-05-28 08:43:54:    GET  /api/reports/customers-summary
2026-05-28 08:43:54:    GET  /api/reports/leads-funnel
2026-05-28 08:43:54:    GET  /api/opportunities/stats/by-time
2026-05-28 08:43:54:    GET  /api/opportunities/stats/by-sales-rep
2026-05-28 08:43:54:    GET  /api/quotations/stats/by-time
2026-05-28 08:43:54:    GET  /api/quotations/stats/by-sales-rep
2026-05-28 08:43:54:    GET  /api/quotations/stats/win-loss-rate
2026-05-28 08:43:54: 
2026-05-28 18:37:11: ✅ Kết nối SQL Server thành công: (local) | DB: TCT_CRM
2026-05-28 18:37:11: 
2026-05-28 18:37:11: 🚀 TCT_CRM API Server đang chạy!
2026-05-28 18:37:11:    Local:   http://localhost:3005
2026-05-28 18:37:11:    Docs:    http://localhost:3005/
2026-05-28 18:37:11:    Health:  http://localhost:3005/health
2026-05-28 18:37:11: 
2026-05-28 18:37:11: 📌 Endpoints:
2026-05-28 18:37:11:    GET  /api/customers
2026-05-28 18:37:11:    GET  /api/orders
2026-05-28 18:37:11:    GET  /api/orders/stats/by-time
2026-05-28 18:37:11:    GET  /api/orders/stats/revenue-by-time
2026-05-28 18:37:11:    GET  /api/orders/stats/revenue-by-sales-rep
2026-05-28 18:37:11:    GET  /api/orders/stats/revenue-by-product
2026-05-28 18:37:11:    GET  /api/orders/stats/revenue-by-area
2026-05-28 18:37:11:    GET  /api/orders/stats/revenue-by-customer-group
2026-05-28 18:37:11:    GET  /api/orders/stats/avg-deal-size
2026-05-28 18:37:11:    GET  /api/orders/stats/quotation-to-order-time
2026-05-28 18:37:11:    GET  /api/leads
2026-05-28 18:37:11:    GET  /api/products
2026-05-28 18:37:11:    GET  /api/reports/revenue
2026-05-28 18:37:11:    GET  /api/reports/orders-summary
2026-05-28 18:37:11:    GET  /api/reports/customers-summary
2026-05-28 18:37:11:    GET  /api/reports/leads-funnel
2026-05-28 18:37:11:    GET  /api/opportunities/stats/by-time
2026-05-28 18:37:11:    GET  /api/opportunities/stats/by-sales-rep
2026-05-28 18:37:11:    GET  /api/quotations/stats/by-time
2026-05-28 18:37:11:    GET  /api/quotations/stats/by-sales-rep
2026-05-28 18:37:11:    GET  /api/quotations/stats/win-loss-rate
2026-05-28 18:37:11:    GET  /api/conversion/lead-to-opportunity
2026-05-28 18:37:11:    GET  /api/conversion/opportunity-to-quotation
2026-05-28 18:37:11:    GET  /api/conversion/quotation-to-order
2026-05-28 18:37:11:    GET  /api/conversion/lead-to-order
2026-05-28 18:37:11:    GET  /api/conversion/win-rate-by-sales-rep
2026-05-28 18:37:11:    GET  /api/conversion/win-rate-by-product
2026-05-28 18:37:11:    GET  /api/activity/stats/by-type-over-time
2026-05-28 18:37:11:    GET  /api/activity/stats/by-sales-rep
2026-05-28 18:37:11:    GET  /api/activity/stats/avg-per-lead
2026-05-28 18:37:11:    GET  /api/activity/stats/first-response-time
2026-05-28 18:37:11: 
2026-05-29 08:47:14: ✅ Kết nối SQL Server thành công: (local) | DB: TCT_CRM
2026-05-29 08:47:14: 
2026-05-29 08:47:14: 🚀 TCT_CRM API Server đang chạy!
2026-05-29 08:47:14:    Local:   http://localhost:3005
2026-05-29 08:47:14:    Docs:    http://localhost:3005/
2026-05-29 08:47:14:    Health:  http://localhost:3005/health
2026-05-29 08:47:14: 
2026-05-29 08:47:14: 📌 Endpoints:
2026-05-29 08:47:14:    GET  /api/customers
2026-05-29 08:47:14:    GET  /api/orders
2026-05-29 08:47:14:    GET  /api/orders/stats/by-time
2026-05-29 08:47:14:    GET  /api/orders/stats/revenue-by-time
2026-05-29 08:47:14:    GET  /api/orders/stats/revenue-by-sales-rep
2026-05-29 08:47:14:    GET  /api/orders/stats/revenue-by-product
2026-05-29 08:47:14:    GET  /api/orders/stats/revenue-by-area
2026-05-29 08:47:14:    GET  /api/orders/stats/revenue-by-customer-group
2026-05-29 08:47:14:    GET  /api/orders/stats/avg-deal-size
2026-05-29 08:47:14:    GET  /api/orders/stats/quotation-to-order-time
2026-05-29 08:47:14:    GET  /api/leads
2026-05-29 08:47:14:    GET  /api/products
2026-05-29 08:47:14:    GET  /api/reports/revenue
2026-05-29 08:47:14:    GET  /api/reports/orders-summary
2026-05-29 08:47:14:    GET  /api/reports/customers-summary
2026-05-29 08:47:14:    GET  /api/reports/leads-funnel
2026-05-29 08:47:14:    GET  /api/opportunities/stats/by-time
2026-05-29 08:47:14:    GET  /api/opportunities/stats/by-sales-rep
2026-05-29 08:47:14:    GET  /api/quotations/stats/by-time
2026-05-29 08:47:14:    GET  /api/quotations/stats/by-sales-rep
2026-05-29 08:47:14:    GET  /api/quotations/stats/win-loss-rate
2026-05-29 08:47:14:    GET  /api/conversion/lead-to-opportunity
2026-05-29 08:47:14:    GET  /api/conversion/opportunity-to-quotation
2026-05-29 08:47:14:    GET  /api/conversion/quotation-to-order
2026-05-29 08:47:14:    GET  /api/conversion/lead-to-order
2026-05-29 08:47:14:    GET  /api/conversion/win-rate-by-sales-rep
2026-05-29 08:47:14:    GET  /api/conversion/win-rate-by-product
2026-05-29 08:47:14:    GET  /api/activity/stats/by-type-over-time
2026-05-29 08:47:14:    GET  /api/activity/stats/by-sales-rep
2026-05-29 08:47:14:    GET  /api/activity/stats/avg-per-lead
2026-05-29 08:47:14:    GET  /api/activity/stats/first-response-time
2026-05-29 08:47:14: 
2026-05-29 09:04:04: ✅ Kết nối SQL Server thành công: (local) | DB: TCT_CRM
2026-05-29 09:04:04: 
2026-05-29 09:04:04: 🚀 TCT_CRM API Server đang chạy!
2026-05-29 09:04:04:    Local:   http://localhost:3005
2026-05-29 09:04:04:    Docs:    http://localhost:3005/
2026-05-29 09:04:04:    Health:  http://localhost:3005/health
2026-05-29 09:04:04: 
2026-05-29 09:04:04: 📌 Endpoints:
2026-05-29 09:04:04:    GET  /api/customers
2026-05-29 09:04:04:    GET  /api/orders
2026-05-29 09:04:04:    GET  /api/orders/stats/by-time
2026-05-29 09:04:04:    GET  /api/orders/stats/revenue-by-time
2026-05-29 09:04:04:    GET  /api/orders/stats/revenue-by-sales-rep
2026-05-29 09:04:04:    GET  /api/orders/stats/revenue-by-product
2026-05-29 09:04:04:    GET  /api/orders/stats/revenue-by-area
2026-05-29 09:04:04:    GET  /api/orders/stats/revenue-by-customer-group
2026-05-29 09:04:04:    GET  /api/orders/stats/avg-deal-size
2026-05-29 09:04:04:    GET  /api/orders/stats/quotation-to-order-time
2026-05-29 09:04:04:    GET  /api/leads
2026-05-29 09:04:04:    GET  /api/products
2026-05-29 09:04:04:    GET  /api/reports/revenue
2026-05-29 09:04:04:    GET  /api/reports/orders-summary
2026-05-29 09:04:04:    GET  /api/reports/customers-summary
2026-05-29 09:04:04:    GET  /api/reports/leads-funnel
2026-05-29 09:04:04:    GET  /api/opportunities/stats/by-time
2026-05-29 09:04:04:    GET  /api/opportunities/stats/by-sales-rep
2026-05-29 09:04:04:    GET  /api/quotations/stats/by-time
2026-05-29 09:04:04:    GET  /api/quotations/stats/by-sales-rep
2026-05-29 09:04:04:    GET  /api/quotations/stats/win-loss-rate
2026-05-29 09:04:04:    GET  /api/conversion/lead-to-opportunity
2026-05-29 09:04:04:    GET  /api/conversion/opportunity-to-quotation
2026-05-29 09:04:04:    GET  /api/conversion/quotation-to-order
2026-05-29 09:04:04:    GET  /api/conversion/lead-to-order
2026-05-29 09:04:04:    GET  /api/conversion/win-rate-by-sales-rep
2026-05-29 09:04:04:    GET  /api/conversion/win-rate-by-product
2026-05-29 09:04:04:    GET  /api/activity/stats/by-type-over-time
2026-05-29 09:04:04:    GET  /api/activity/stats/by-sales-rep
2026-05-29 09:04:04:    GET  /api/activity/stats/avg-per-lead
2026-05-29 09:04:04:    GET  /api/activity/stats/first-response-time
2026-05-29 09:04:04: 
